#
# There is insufficient memory for the Java Runtime Environment to continue.
# Native memory allocation (mmap) failed to map 130023424 bytes for G1 virtual space
# Possible reasons:
#   The system is out of physical RAM or swap space
#   The process is running with CompressedOops enabled, and the Java Heap may be blocking the growth of the native heap
# Possible solutions:
#   Reduce memory load on the system
#   Increase physical memory or swap space
#   Check if swap backing store is full
#   Decrease Java heap size (-Xmx/-Xms)
#   Decrease number of Java threads
#   Decrease Java thread stack sizes (-Xss)
#   Set larger code cache with -XX:ReservedCodeCacheSize=
#   JVM is running with Unscaled Compressed Oops mode in which the Java heap is
#     placed in the first 4GB address space. The Java Heap base address is the
#     maximum limit for the native heap growth. Please use -XX:HeapBaseMinAddress
#     to set the Java Heap base and to place the Java Heap above 4GB virtual address.
# This output file may be truncated or incomplete.
#
#  Out of Memory Error (os_windows.cpp:3771), pid=20004, tid=19700
#
# JRE version:  (17.0.7) (build )
# Java VM: OpenJDK 64-Bit Server VM (17.0.7+0-b2043.56-10550314, mixed mode, sharing, tiered, compressed oops, compressed class ptrs, g1 gc, windows-amd64)
# No core dump will be written. Minidumps are not enabled by default on client versions of Windows
#

---------------  S U M M A R Y ------------

Command Line: org.jetbrains.kotlin.cli.jvm.K2JVMCompiler @C:\Users\manjo\Downloads\Quizzed (3)\Quizzed\app\build\20240404_16977628618247198959.compiler.options

Host: 11th Gen Intel(R) Core(TM) i3-1115G4 @ 3.00GHz, 4 cores, 7G,  Windows 11 , 64 bit Build 22621 (10.0.22621.3374)
Time: Thu Apr  4 21:42:50 2024 Eastern Summer Time elapsed time: 0.035316 seconds (0d 0h 0m 0s)

---------------  T H R E A D  ---------------

Current thread (0x0000021cd23b2650):  JavaThread "Unknown thread" [_thread_in_vm, id=19700, stack(0x000000573cf00000,0x000000573d000000)]

Stack: [0x000000573cf00000,0x000000573d000000]
Native frames: (J=compiled Java code, j=interpreted, Vv=VM code, C=native code)
V  [jvm.dll+0x683bfa]
V  [jvm.dll+0x8430a4]
V  [jvm.dll+0x8449be]
V  [jvm.dll+0x845023]
V  [jvm.dll+0x24ad2f]
V  [jvm.dll+0x680ac9]
V  [jvm.dll+0x67519a]
V  [jvm.dll+0x30b3cb]
V  [jvm.dll+0x312876]
V  [jvm.dll+0x36221e]
V  [jvm.dll+0x36244f]
V  [jvm.dll+0x2e14a8]
V  [jvm.dll+0x2e2414]
V  [jvm.dll+0x814391]
V  [jvm.dll+0x36ffe1]
V  [jvm.dll+0x7f396c]
V  [jvm.dll+0x3f305f]
V  [jvm.dll+0x3f4b91]
C  [jli.dll+0x528f]
C  [ucrtbase.dll+0x29333]
C  [KERNEL32.DLL+0x1257d]
C  [ntdll.dll+0x5aa48]


---------------  P R O C E S S  ---------------

Threads class SMR info:
_java_thread_list=0x00007ff981a5d098, length=0, elements={
}

Java Threads: ( => current thread )

Other Threads:
  0x0000021cd240ca10 GCTaskThread "GC Thread#0" [stack: 0x000000573d000000,0x000000573d100000] [id=16576]
  0x0000021cd241cd60 ConcurrentGCThread "G1 Main Marker" [stack: 0x000000573d100000,0x000000573d200000] [id=7444]
  0x0000021cd241d680 ConcurrentGCThread "G1 Conc#0" [stack: 0x000000573d200000,0x000000573d300000] [id=14944]

[error occurred during error reporting (printing all threads), id 0xc0000005, EXCEPTION_ACCESS_VIOLATION (0xc0000005) at pc=0x00007ff981212087]

VM state: not at safepoint (not fully initialized)

VM Mutex/Monitor currently owned by a thread:  ([mutex/lock_event])
[0x0000021cd23ae570] Heap_lock - owner thread: 0x0000021cd23b2650

Heap address: 0x0000000085800000, size: 1960 MB, Compressed Oops mode: 32-bit

CDS archive(s) mapped at: [0x0000000000000000-0x0000000000000000-0x0000000000000000), size 0, SharedBaseAddress: 0x0000000800000000, ArchiveRelocationMode: 0.
Narrow klass base: 0x0000000000000000, Narrow klass shift: 0, Narrow klass range: 0x0

GC Precious Log:
<Empty>

Heap:
 garbage-first heap   total 0K, used 0K [0x0000000085800000, 0x0000000100000000)
  region size 1024K, 0 young (0K), 0 survivors (0K)
 Metaspace       used 0K, committed 0K, reserved 0K
  class space    used 0K, committed 0K, reserved 0K

Heap Regions: E=young(eden), S=young(survivor), O=old, HS=humongous(starts), HC=humongous(continues), CS=collection set, F=free, OA=open archive, CA=closed archive, TAMS=top-at-mark-start (previous, next)

Card table byte_map: [0x0000021ce6a60000,0x0000021ce6e40000] _byte_map_base: 0x0000021ce6634000

Marking Bits (Prev, Next): (CMBitMap*) 0x0000021cd240cf30, (CMBitMap*) 0x0000021cd240cf70
 Prev Bits: [0x0000021ce7220000, 0x0000021ce90c0000)
 Next Bits: [0x0000021ce90c0000, 0x0000021ceaf60000)

GC Heap History (0 events):
No events

Dll operation events (1 events):
Event: 0.012 Loaded shared library C:\Program Files\Android\Android Studio\jbr\bin\java.dll

Deoptimization events (0 events):
No events

Classes unloaded (0 events):
No events

Classes redefined (0 events):
No events

Internal exceptions (0 events):
No events

VM Operations (0 events):
No events

Events (0 events):
No events


Dynamic libraries:
0x00007ff7f4a80000 - 0x00007ff7f4a8a000 	C:\Program Files\Android\Android Studio\jbr\bin\java.exe
0x00007ffa29d90000 - 0x00007ffa29fa6000 	C:\WINDOWS\SYSTEM32\ntdll.dll
0x00007ffa283a0000 - 0x00007ffa28464000 	C:\WINDOWS\System32\KERNEL32.DLL
0x00007ffa274a0000 - 0x00007ffa27847000 	C:\WINDOWS\System32\KERNELBASE.dll
0x00007ffa27970000 - 0x00007ffa27a81000 	C:\WINDOWS\System32\ucrtbase.dll
0x00007ff982a70000 - 0x00007ff982a87000 	C:\Program Files\Android\Android Studio\jbr\bin\jli.dll
0x00007ffa281b0000 - 0x00007ffa2835e000 	C:\WINDOWS\System32\USER32.dll
0x00007ffa27a90000 - 0x00007ffa27ab6000 	C:\WINDOWS\System32\win32u.dll
0x00007ffa27d40000 - 0x00007ffa27d69000 	C:\WINDOWS\System32\GDI32.dll
0x00007ffa1ef40000 - 0x00007ffa1ef5b000 	C:\Program Files\Android\Android Studio\jbr\bin\VCRUNTIME140.dll
0x00007ffa27850000 - 0x00007ffa27969000 	C:\WINDOWS\System32\gdi32full.dll
0x00007ffa27390000 - 0x00007ffa2742a000 	C:\WINDOWS\System32\msvcp_win.dll
0x00007ffa0b320000 - 0x00007ffa0b5b3000 	C:\WINDOWS\WinSxS\amd64_microsoft.windows.common-controls_6595b64144ccf1df_6.0.22621.3235_none_270f74e173860f98\COMCTL32.dll
0x00007ffa29af0000 - 0x00007ffa29b97000 	C:\WINDOWS\System32\msvcrt.dll
0x00007ffa28360000 - 0x00007ffa28391000 	C:\WINDOWS\System32\IMM32.DLL
0x00007ffa1ef30000 - 0x00007ffa1ef3c000 	C:\Program Files\Android\Android Studio\jbr\bin\vcruntime140_1.dll
0x00007ff9e35b0000 - 0x00007ff9e363d000 	C:\Program Files\Android\Android Studio\jbr\bin\msvcp140.dll
0x00007ff980f20000 - 0x00007ff981ba0000 	C:\Program Files\Android\Android Studio\jbr\bin\server\jvm.dll
0x00007ffa28470000 - 0x00007ffa28522000 	C:\WINDOWS\System32\ADVAPI32.dll
0x00007ffa29ba0000 - 0x00007ffa29c48000 	C:\WINDOWS\System32\sechost.dll
0x00007ffa271f0000 - 0x00007ffa27218000 	C:\WINDOWS\System32\bcrypt.dll
0x00007ffa27ac0000 - 0x00007ffa27bd5000 	C:\WINDOWS\System32\RPCRT4.dll
0x00007ff9fd170000 - 0x00007ff9fd179000 	C:\WINDOWS\SYSTEM32\WSOCK32.dll
0x00007ffa27f70000 - 0x00007ffa27fe1000 	C:\WINDOWS\System32\WS2_32.dll
0x00007ffa1d250000 - 0x00007ffa1d25a000 	C:\WINDOWS\SYSTEM32\VERSION.dll
0x00007ffa1b100000 - 0x00007ffa1b134000 	C:\WINDOWS\SYSTEM32\WINMM.dll
0x00007ffa26170000 - 0x00007ffa26188000 	C:\WINDOWS\SYSTEM32\kernel.appcore.dll
0x00007ff9fd160000 - 0x00007ff9fd16a000 	C:\Program Files\Android\Android Studio\jbr\bin\jimage.dll
0x00007ffa24a50000 - 0x00007ffa24c83000 	C:\WINDOWS\SYSTEM32\DBGHELP.DLL
0x00007ffa28930000 - 0x00007ffa28cb8000 	C:\WINDOWS\System32\combase.dll
0x00007ffa27e70000 - 0x00007ffa27f47000 	C:\WINDOWS\System32\OLEAUT32.dll
0x00007ffa015a0000 - 0x00007ffa015d2000 	C:\WINDOWS\SYSTEM32\dbgcore.DLL
0x00007ffa270b0000 - 0x00007ffa27129000 	C:\WINDOWS\System32\bcryptPrimitives.dll
0x00007ff9fcf00000 - 0x00007ff9fcf25000 	C:\Program Files\Android\Android Studio\jbr\bin\java.dll

dbghelp: loaded successfully - version: 4.0.5 - missing functions: none
symbol engine: initialized successfully - sym options: 0x614 - pdb path: .;C:\Program Files\Android\Android Studio\jbr\bin;C:\WINDOWS\SYSTEM32;C:\WINDOWS\WinSxS\amd64_microsoft.windows.common-controls_6595b64144ccf1df_6.0.22621.3235_none_270f74e173860f98;C:\Program Files\Android\Android Studio\jbr\bin\server

VM Arguments:
java_command: org.jetbrains.kotlin.cli.jvm.K2JVMCompiler @C:\Users\manjo\Downloads\Quizzed (3)\Quizzed\app\build\20240404_16977628618247198959.compiler.options
java_class_path (initial): C:\Users\manjo\.gradle\caches\modules-2\files-2.1\org.jetbrains.kotlin\kotlin-compiler-embeddable\1.9.22\9cd4dc7773cf2a99ecd961a88fbbc9a2da3fb5e1\kotlin-compiler-embeddable-1.9.22.jar;C:\Users\manjo\.gradle\caches\modules-2\files-2.1\org.jetbrains.kotlin\kotlin-stdlib\1.9.22\d6c44cd08d8f3f9bece8101216dbe6553365c6e3\kotlin-stdlib-1.9.22.jar;C:\Users\manjo\.gradle\caches\modules-2\files-2.1\org.jetbrains.kotlin\kotlin-script-runtime\1.9.22\f8139a46fc677ec9badc49ae954392f4f5e7e7c7\kotlin-script-runtime-1.9.22.jar;C:\Users\manjo\.gradle\caches\modules-2\files-2.1\org.jetbrains.kotlin\kotlin-reflect\1.6.10\1cbe9c92c12a94eea200d23c2bbaedaf3daf5132\kotlin-reflect-1.6.10.jar;C:\Users\manjo\.gradle\caches\modules-2\files-2.1\org.jetbrains.kotlin\kotlin-daemon-embeddable\1.9.22\20e2c5df715f3240c765cfc222530e2796542021\kotlin-daemon-embeddable-1.9.22.jar;C:\Users\manjo\.gradle\caches\modules-2\files-2.1\org.jetbrains.intellij.deps\trove4j\1.0.20200330\3afb14d5f9ceb459d724e907a21145e8ff394f02\trove4j-1.0.20200330.jar;C:\Users\manjo\.gradle\caches\modules-2\files-2.1\org.jetbrains\annotations\13.0\919f0dfe192fb4e063e7dacadee7f8bb9a2672a9\annotations-13.0.jar
Launcher Type: SUN_STANDARD

[Global flags]
     intx CICompilerCount                          = 3                                         {product} {ergonomic}
     uint ConcGCThreads                            = 1                                         {product} {ergonomic}
     uint G1ConcRefinementThreads                  = 4                                         {product} {ergonomic}
   size_t G1HeapRegionSize                         = 1048576                                   {product} {ergonomic}
    uintx GCDrainStackTargetSize                   = 64                                        {product} {ergonomic}
   size_t InitialHeapSize                          = 130023424                                 {product} {ergonomic}
   size_t MarkStackSize                            = 4194304                                   {product} {ergonomic}
   size_t MaxHeapSize                              = 2055208960                                {product} {ergonomic}
   size_t MinHeapDeltaBytes                        = 1048576                                   {product} {ergonomic}
   size_t MinHeapSize                              = 8388608                                   {product} {ergonomic}
    uintx NonNMethodCodeHeapSize                   = 5832780                                {pd product} {ergonomic}
    uintx NonProfiledCodeHeapSize                  = 122912730                              {pd product} {ergonomic}
    uintx ProfiledCodeHeapSize                     = 122912730                              {pd product} {ergonomic}
    uintx ReservedCodeCacheSize                    = 251658240                              {pd product} {ergonomic}
     bool SegmentedCodeCache                       = true                                      {product} {ergonomic}
   size_t SoftMaxHeapSize                          = 2055208960                             {manageable} {ergonomic}
     bool UseCompressedClassPointers               = true                           {product lp64_product} {ergonomic}
     bool UseCompressedOops                        = true                           {product lp64_product} {ergonomic}
     bool UseG1GC                                  = true                                      {product} {ergonomic}
     bool UseLargePagesIndividualAllocation        = false                                  {pd product} {ergonomic}

Logging:
Log output configuration:
 #0: stdout all=warning uptime,level,tags
 #1: stderr all=off uptime,level,tags

Environment Variables:
JAVA_HOME=C:\Program Files\Java\jdk-18.0.2.1\bin
PATH=C:\Program Files (x86)\VMware\VMware Workstation\bin\;C:\Program Files\Common Files\Oracle\Java\javapath;C:\WINDOWS\system32;C:\WINDOWS;C:\WINDOWS\System32\Wbem;C:\WINDOWS\System32\WindowsPowerShell\v1.0\;C:\WINDOWS\System32\OpenSSH\;C:\Program Files\php-8.2.1-Win32-vs16-x64;C:\Program Files\Git\cmd;C:\Program Files\Microsoft SQL Server\150\Tools\Binn\;C:\Program Files\Microsoft SQL Server\Client SDK\ODBC\170\Tools\Binn\;C:\Program Files\dotnet\;C:\Program Files\nodejs\;C:\ProgramData\chocolatey\bin;;C:\Program Files\HP\HP One Agent;C:\Users\manjo\AppData\Local\Programs\Python\Python311\Scripts\;C:\Users\manjo\AppData\Local\Programs\Python\Python311\;C:\Users\manjo\AppData\Local\Microsoft\WindowsApps;C:\Users\manjo\AppData\Local\Programs\Microsoft VS Code\bin;C:\Users\manjo\.dotnet\tools;C:\Users\manjo\AppData\Local\GitHubDesktop\bin;C:\Users\manjo\AppData\Roaming\npm
USERNAME=manjo
OS=Windows_NT
PROCESSOR_IDENTIFIER=Intel64 Family 6 Model 140 Stepping 1, GenuineIntel
TMP=C:\Users\manjo\AppData\Local\Temp
TEMP=C:\Users\manjo\AppData\Local\Temp


JNI global refs:
JNI global refs: 0, weak refs: 0

JNI global refs memory usage: 0, weak refs: 0

OOME stack traces (most recent first):
Classloader memory used:


---------------  S Y S T E M  ---------------

OS:
 Windows 11 , 64 bit Build 22621 (10.0.22621.3374)
OS uptime: 0 days 2:49 hours

CPU: total 4 (initial active 4) (2 cores per cpu, 2 threads per core) family 6 model 140 stepping 1 microcode 0xb4, cx8, cmov, fxsr, ht, mmx, 3dnowpref, sse, sse2, sse3, ssse3, sse4.1, sse4.2, popcnt, lzcnt, tsc, tscinvbit, avx, avx2, aes, erms, clmul, bmi1, bmi2, adx, avx512f, avx512dq, avx512cd, avx512bw, avx512vl, sha, fma, vzeroupper, avx512_vpopcntdq, avx512_vpclmulqdq, avx512_vaes, avx512_vnni, clflush, clflushopt, clwb, avx512_vbmi2, avx512_vbmi

Memory: 4k page, system-wide physical 7834M (77M free)
TotalPageFile size 22903M (AvailPageFile size 100M)
current process WorkingSet (physical memory assigned to process): 10M, peak: 10M
current process commit charge ("private bytes"): 52M, peak: 175M

vm_info: OpenJDK 64-Bit Server VM (17.0.7+0-b2043.56-10550314) for windows-amd64 JRE (17.0.7+0-b2043.56-10550314), built on Jul 24 2023 18:27:45 by "androidbuild" with MS VC++ 16.10 / 16.11 (VS2019)

END.
